# JRE version: Java(TM) SE Runtime Environment (7.0_71-b14) (build 1.7.0_71-b14)
# Java VM: Java HotSpot(TM) 64-Bit Server VM (24.71-b01 mixed mode linux-amd64 compressed oops)
Heap
 PSYoungGen      total 932864K, used 63449K [0x00000007aaa00000, 0x0000000800000000, 0x0000000800000000)
  eden space 466944K, 0% used [0x00000007aaa00000,0x00000007aaa00000,0x00000007c7200000)
  from space 465920K, 13% used [0x00000007c7200000,0x00000007caff6550,0x00000007e3900000)
  to   space 465920K, 0% used [0x00000007e3900000,0x00000007e3900000,0x0000000800000000)
 ParOldGen       total 1712640K, used 1712287K [0x00000006ffe00000, 0x0000000768680000, 0x00000007aaa00000)
  object space 1712640K, 99% used [0x00000006ffe00000,0x0000000768627e30,0x0000000768680000)
 PSPermGen       total 21504K, used 9943K [0x00000006fac00000, 0x00000006fc100000, 0x00000006ffe00000)
  object space 21504K, 46% used [0x00000006fac00000,0x00000006fb5b5fa8,0x00000006fc100000)
GC Heap History (10 events):
Event: 201.360 GC heap after
Heap after GC invocations=66 (full 5):
 PSYoungGen      total 1082368K, used 316411K [0x00000007aaa00000, 0x0000000800000000, 0x0000000800000000)
  eden space 765952K, 0% used [0x00000007aaa00000,0x00000007aaa00000,0x00000007d9600000)
  from space 316416K, 99% used [0x00000007d9600000,0x00000007ecafeec0,0x00000007ecb00000)
  to   space 316416K, 0% used [0x00000007ecb00000,0x00000007ecb00000,0x0000000800000000)
 ParOldGen       total 1712640K, used 862928K [0x00000006ffe00000, 0x0000000768680000, 0x00000007aaa00000)
  object space 1712640K, 50% used [0x00000006ffe00000,0x00000007348b4190,0x0000000768680000)
 PSPermGen       total 21504K, used 9951K [0x00000006fac00000, 0x00000006fc100000, 0x00000006ffe00000)
  object space 21504K, 46% used [0x00000006fac00000,0x00000006fb5b7f80,0x00000006fc100000)
}
Event: 202.060 GC heap before
{Heap before GC invocations=67 (full 5):
 PSYoungGen      total 1082368K, used 1082363K [0x00000007aaa00000, 0x0000000800000000, 0x0000000800000000)
  eden space 765952K, 100% used [0x00000007aaa00000,0x00000007d9600000,0x00000007d9600000)
  from space 316416K, 99% used [0x00000007d9600000,0x00000007ecafeec0,0x00000007ecb00000)
  to   space 316416K, 0% used [0x00000007ecb00000,0x00000007ecb00000,0x0000000800000000)
 ParOldGen       total 1712640K, used 862928K [0x00000006ffe00000, 0x0000000768680000, 0x00000007aaa00000)
  object space 1712640K, 50% used [0x00000006ffe00000,0x00000007348b4190,0x0000000768680000)
 PSPermGen       total 21504K, used 9951K [0x00000006fac00000, 0x00000006fc100000, 0x00000006ffe00000)
  object space 21504K, 46% used [0x00000006fac00000,0x00000006fb5b7f80,0x00000006fc100000)
Event: 202.375 GC heap after
Heap after GC invocations=67 (full 5):
 PSYoungGen      total 783360K, used 316388K [0x00000007aaa00000, 0x0000000800000000, 0x0000000800000000)
  eden space 466944K, 0% used [0x00000007aaa00000,0x00000007aaa00000,0x00000007c7200000)
  from space 316416K, 99% used [0x00000007ecb00000,0x00000007ffff9368,0x0000000800000000)
  to   space 465920K, 0% used [0x00000007c7200000,0x00000007c7200000,0x00000007e3900000)
 ParOldGen       total 1712640K, used 1077936K [0x00000006ffe00000, 0x0000000768680000, 0x00000007aaa00000)
  object space 1712640K, 62% used [0x00000006ffe00000,0x0000000741aac190,0x0000000768680000)
 PSPermGen       total 21504K, used 9951K [0x00000006fac00000, 0x00000006fc100000, 0x00000006ffe00000)
  object space 21504K, 46% used [0x00000006fac00000,0x00000006fb5b7f80,0x00000006fc100000)
}
Event: 202.892 GC heap before
{Heap before GC invocations=68 (full 5):
 PSYoungGen      total 783360K, used 783332K [0x00000007aaa00000, 0x0000000800000000, 0x0000000800000000)
  eden space 466944K, 100% used [0x00000007aaa00000,0x00000007c7200000,0x00000007c7200000)
  from space 316416K, 99% used [0x00000007ecb00000,0x00000007ffff9368,0x0000000800000000)
  to   space 465920K, 0% used [0x00000007c7200000,0x00000007c7200000,0x00000007e3900000)
 ParOldGen       total 1712640K, used 1077936K [0x00000006ffe00000, 0x0000000768680000, 0x00000007aaa00000)
  object space 1712640K, 62% used [0x00000006ffe00000,0x0000000741aac190,0x0000000768680000)
 PSPermGen       total 21504K, used 9951K [0x00000006fac00000, 0x00000006fc100000, 0x00000006ffe00000)
  object space 21504K, 46% used [0x00000006fac00000,0x00000006fb5b7f80,0x00000006fc100000)
Event: 203.175 GC heap after
Heap after GC invocations=68 (full 5):
 PSYoungGen      total 932864K, used 438939K [0x00000007aaa00000, 0x0000000800000000, 0x0000000800000000)
  eden space 466944K, 0% used [0x00000007aaa00000,0x00000007aaa00000,0x00000007c7200000)
  from space 465920K, 94% used [0x00000007c7200000,0x00000007e1ea6e38,0x00000007e3900000)
  to   space 465920K, 0% used [0x00000007e3900000,0x00000007e3900000,0x0000000800000000)
 ParOldGen       total 1712640K, used 1085849K [0x00000006ffe00000, 0x0000000768680000, 0x00000007aaa00000)
  object space 1712640K, 63% used [0x00000006ffe00000,0x00000007422666b0,0x0000000768680000)
 PSPermGen       total 21504K, used 9951K [0x00000006fac00000, 0x00000006fc100000, 0x00000006ffe00000)
  object space 21504K, 46% used [0x00000006fac00000,0x00000006fb5b7f80,0x00000006fc100000)
}
Event: 203.667 GC heap before
{Heap before GC invocations=69 (full 5):
 PSYoungGen      total 932864K, used 905883K [0x00000007aaa00000, 0x0000000800000000, 0x0000000800000000)
  eden space 466944K, 100% used [0x00000007aaa00000,0x00000007c7200000,0x00000007c7200000)
  from space 465920K, 94% used [0x00000007c7200000,0x00000007e1ea6e38,0x00000007e3900000)
  to   space 465920K, 0% used [0x00000007e3900000,0x00000007e3900000,0x0000000800000000)
 ParOldGen       total 1712640K, used 1085849K [0x00000006ffe00000, 0x0000000768680000, 0x00000007aaa00000)
  object space 1712640K, 63% used [0x00000006ffe00000,0x00000007422666b0,0x0000000768680000)
 PSPermGen       total 21504K, used 9951K [0x00000006fac00000, 0x00000006fc100000, 0x00000006ffe00000)
  object space 21504K, 46% used [0x00000006fac00000,0x00000006fb5b7f80,0x00000006fc100000)
Event: 204.009 GC heap after
Heap after GC invocations=69 (full 5):
 PSYoungGen      total 932864K, used 335387K [0x00000007aaa00000, 0x0000000800000000, 0x0000000800000000)
  eden space 466944K, 0% used [0x00000007aaa00000,0x00000007aaa00000,0x00000007c7200000)
  from space 465920K, 71% used [0x00000007e3900000,0x00000007f8086e28,0x0000000800000000)
  to   space 465920K, 0% used [0x00000007c7200000,0x00000007c7200000,0x00000007e3900000)
 ParOldGen       total 1712640K, used 1321249K [0x00000006ffe00000, 0x0000000768680000, 0x00000007aaa00000)
  object space 1712640K, 77% used [0x00000006ffe00000,0x00000007508486f0,0x0000000768680000)
 PSPermGen       total 21504K, used 9951K [0x00000006fac00000, 0x00000006fc100000, 0x00000006ffe00000)
  object space 21504K, 46% used [0x00000006fac00000,0x00000006fb5b7f80,0x00000006fc100000)
}
Event: 204.505 GC heap before
{Heap before GC invocations=70 (full 5):
 PSYoungGen      total 932864K, used 802331K [0x00000007aaa00000, 0x0000000800000000, 0x0000000800000000)
  eden space 466944K, 100% used [0x00000007aaa00000,0x00000007c7200000,0x00000007c7200000)
  from space 465920K, 71% used [0x00000007e3900000,0x00000007f8086e28,0x0000000800000000)
  to   space 465920K, 0% used [0x00000007c7200000,0x00000007c7200000,0x00000007e3900000)
 ParOldGen       total 1712640K, used 1321249K [0x00000006ffe00000, 0x0000000768680000, 0x00000007aaa00000)
  object space 1712640K, 77% used [0x00000006ffe00000,0x00000007508486f0,0x0000000768680000)
 PSPermGen       total 21504K, used 9951K [0x00000006fac00000, 0x00000006fc100000, 0x00000006ffe00000)
  object space 21504K, 46% used [0x00000006fac00000,0x00000006fb5b7f80,0x00000006fc100000)
Event: 204.745 GC heap after
Heap after GC invocations=70 (full 5):
 PSYoungGen      total 932864K, used 260729K [0x00000007aaa00000, 0x0000000800000000, 0x0000000800000000)
  eden space 466944K, 0% used [0x00000007aaa00000,0x00000007aaa00000,0x00000007c7200000)
  from space 465920K, 55% used [0x00000007c7200000,0x00000007d709e520,0x00000007e3900000)
  to   space 465920K, 0% used [0x00000007e3900000,0x00000007e3900000,0x0000000800000000)
 ParOldGen       total 1712640K, used 1527561K [0x00000006ffe00000, 0x0000000768680000, 0x00000007aaa00000)
  object space 1712640K, 89% used [0x00000006ffe00000,0x000000075d1c2700,0x0000000768680000)
 PSPermGen       total 21504K, used 9951K [0x00000006fac00000, 0x00000006fc100000, 0x00000006ffe00000)
  object space 21504K, 46% used [0x00000006fac00000,0x00000006fb5b7f80,0x00000006fc100000)
}
Event: 204.745 GC heap before
{Heap before GC invocations=71 (full 6):
 PSYoungGen      total 932864K, used 260729K [0x00000007aaa00000, 0x0000000800000000, 0x0000000800000000)
  eden space 466944K, 0% used [0x00000007aaa00000,0x00000007aaa00000,0x00000007c7200000)
  from space 465920K, 55% used [0x00000007c7200000,0x00000007d709e520,0x00000007e3900000)
  to   space 465920K, 0% used [0x00000007e3900000,0x00000007e3900000,0x0000000800000000)
 ParOldGen       total 1712640K, used 1527561K [0x00000006ffe00000, 0x0000000768680000, 0x00000007aaa00000)
  object space 1712640K, 89% used [0x00000006ffe00000,0x000000075d1c2700,0x0000000768680000)
 PSPermGen       total 21504K, used 9951K [0x00000006fac00000, 0x00000006fc100000, 0x00000006ffe00000)
  object space 21504K, 46% used [0x00000006fac00000,0x00000006fb5b7f80,0x00000006fc100000)

